<?xml version="1.0" encoding="UTF-8"?>
<testng-results skipped="1" failed="0" ignored="0" total="1" passed="0">
  <reporter-output>
  </reporter-output>
  <suite name="Suite" duration-ms="31" started-at="2018-08-08T14:05:06Z" finished-at="2018-08-08T14:05:06Z">
    <groups>
    </groups>
    <test name="Test" duration-ms="31" started-at="2018-08-08T14:05:06Z" finished-at="2018-08-08T14:05:06Z">
      <class name="MergeLead.TestCase_MergeLead">
        <test-method status="PASS" signature="startSuite()[pri:0, instance:MergeLead.TestCase_MergeLead@125a3ee]" name="startSuite" is-config="true" duration-ms="156" started-at="2018-08-08T14:05:05Z" finished-at="2018-08-08T14:05:06Z">
          <reporter-output>
          </reporter-output>
        </test-method> <!-- startSuite -->
        <test-method status="PASS" signature="setvalues()[pri:0, instance:MergeLead.TestCase_MergeLead@125a3ee]" name="setvalues" is-config="true" duration-ms="0" started-at="2018-08-08T14:05:06Z" finished-at="2018-08-08T14:05:06Z">
          <reporter-output>
          </reporter-output>
        </test-method> <!-- setvalues -->
        <test-method status="PASS" signature="createNode()[pri:0, instance:MergeLead.TestCase_MergeLead@125a3ee]" name="createNode" is-config="true" duration-ms="0" started-at="2018-08-08T14:05:06Z" finished-at="2018-08-08T14:05:06Z">
          <reporter-output>
          </reporter-output>
        </test-method> <!-- createNode -->
        <test-method status="SKIP" signature="logout()[pri:0, instance:MergeLead.TestCase_MergeLead@125a3ee]" name="logout" is-config="true" duration-ms="0" started-at="2018-08-08T14:05:06Z" finished-at="2018-08-08T14:05:06Z">
          <reporter-output>
          </reporter-output>
        </test-method> <!-- logout -->
        <test-method status="SKIP" signature="Mergelead()[pri:0, instance:MergeLead.TestCase_MergeLead@125a3ee]" name="Mergelead" duration-ms="0" started-at="2018-08-08T14:05:06Z" finished-at="2018-08-08T14:05:06Z">
          <exception class="org.testng.TestNGException">
            <message>
              <![CDATA[
Parameter 'url' is required by BeforeMethod on method login but has not been marked @Optional or defined
in D:\Testleaf\Softwares and Videos\Softwares\seljune30\mergelead.xml]]>
            </message>
            <full-stacktrace>
              <![CDATA[org.testng.TestNGException: 
Parameter 'url' is required by BeforeMethod on method login but has not been marked @Optional or defined
in D:\Testleaf\Softwares and Videos\Softwares\seljune30\mergelead.xml
at org.testng.internal.Parameters.createParams(Parameters.java:290)
at org.testng.internal.Parameters.createParametersForMethod(Parameters.java:359)
at org.testng.internal.Parameters.createParameters(Parameters.java:620)
at org.testng.internal.Parameters.createConfigurationParameters(Parameters.java:190)
at org.testng.internal.Invoker.invokeConfigurations(Invoker.java:209)
at org.testng.internal.Invoker.invokeMethod(Invoker.java:523)
at org.testng.internal.Invoker.invokeTestMethod(Invoker.java:719)
at org.testng.internal.Invoker.invokeTestMethods(Invoker.java:989)
at org.testng.internal.TestMethodWorker.invokeTestMethods(TestMethodWorker.java:125)
at org.testng.internal.TestMethodWorker.run(TestMethodWorker.java:109)
at org.testng.TestRunner.privateRun(TestRunner.java:648)
at org.testng.TestRunner.run(TestRunner.java:505)
at org.testng.SuiteRunner.runTest(SuiteRunner.java:455)
at org.testng.SuiteRunner.runSequentially(SuiteRunner.java:450)
at org.testng.SuiteRunner.privateRun(SuiteRunner.java:415)
at org.testng.SuiteRunner.run(SuiteRunner.java:364)
at org.testng.SuiteRunnerWorker.runSuite(SuiteRunnerWorker.java:52)
at org.testng.SuiteRunnerWorker.run(SuiteRunnerWorker.java:84)
at org.testng.TestNG.runSuitesSequentially(TestNG.java:1208)
at org.testng.TestNG.runSuitesLocally(TestNG.java:1137)
at org.testng.TestNG.runSuites(TestNG.java:1049)
at org.testng.TestNG.run(TestNG.java:1017)
at org.testng.remote.AbstractRemoteTestNG.run(AbstractRemoteTestNG.java:114)
at org.testng.remote.RemoteTestNG.initAndRun(RemoteTestNG.java:251)
at org.testng.remote.RemoteTestNG.main(RemoteTestNG.java:77)
]]>
            </full-stacktrace>
          </exception> <!-- org.testng.TestNGException -->
          <reporter-output>
          </reporter-output>
        </test-method> <!-- Mergelead -->
        <test-method status="FAIL" signature="login(java.lang.String, java.lang.String, java.lang.String)[pri:0, instance:MergeLead.TestCase_MergeLead@125a3ee]" name="login" is-config="true" duration-ms="0" started-at="2018-08-08T14:05:06Z" finished-at="2018-08-08T14:05:06Z">
          <exception class="org.testng.TestNGException">
            <message>
              <![CDATA[
Parameter 'url' is required by BeforeMethod on method login but has not been marked @Optional or defined
in D:\Testleaf\Softwares and Videos\Softwares\seljune30\mergelead.xml]]>
            </message>
            <full-stacktrace>
              <![CDATA[org.testng.TestNGException: 
Parameter 'url' is required by BeforeMethod on method login but has not been marked @Optional or defined
in D:\Testleaf\Softwares and Videos\Softwares\seljune30\mergelead.xml
at org.testng.internal.Parameters.createParams(Parameters.java:290)
at org.testng.internal.Parameters.createParametersForMethod(Parameters.java:359)
at org.testng.internal.Parameters.createParameters(Parameters.java:620)
at org.testng.internal.Parameters.createConfigurationParameters(Parameters.java:190)
at org.testng.internal.Invoker.invokeConfigurations(Invoker.java:209)
at org.testng.internal.Invoker.invokeMethod(Invoker.java:523)
at org.testng.internal.Invoker.invokeTestMethod(Invoker.java:719)
at org.testng.internal.Invoker.invokeTestMethods(Invoker.java:989)
at org.testng.internal.TestMethodWorker.invokeTestMethods(TestMethodWorker.java:125)
at org.testng.internal.TestMethodWorker.run(TestMethodWorker.java:109)
at org.testng.TestRunner.privateRun(TestRunner.java:648)
at org.testng.TestRunner.run(TestRunner.java:505)
at org.testng.SuiteRunner.runTest(SuiteRunner.java:455)
at org.testng.SuiteRunner.runSequentially(SuiteRunner.java:450)
at org.testng.SuiteRunner.privateRun(SuiteRunner.java:415)
at org.testng.SuiteRunner.run(SuiteRunner.java:364)
at org.testng.SuiteRunnerWorker.runSuite(SuiteRunnerWorker.java:52)
at org.testng.SuiteRunnerWorker.run(SuiteRunnerWorker.java:84)
at org.testng.TestNG.runSuitesSequentially(TestNG.java:1208)
at org.testng.TestNG.runSuitesLocally(TestNG.java:1137)
at org.testng.TestNG.runSuites(TestNG.java:1049)
at org.testng.TestNG.run(TestNG.java:1017)
at org.testng.remote.AbstractRemoteTestNG.run(AbstractRemoteTestNG.java:114)
at org.testng.remote.RemoteTestNG.initAndRun(RemoteTestNG.java:251)
at org.testng.remote.RemoteTestNG.main(RemoteTestNG.java:77)
]]>
            </full-stacktrace>
          </exception> <!-- org.testng.TestNGException -->
          <reporter-output>
          </reporter-output>
        </test-method> <!-- login -->
        <test-method status="PASS" signature="stopSuite()[pri:0, instance:MergeLead.TestCase_MergeLead@125a3ee]" name="stopSuite" is-config="true" duration-ms="344" started-at="2018-08-08T14:05:06Z" finished-at="2018-08-08T14:05:06Z">
          <reporter-output>
          </reporter-output>
        </test-method> <!-- stopSuite -->
      </class> <!-- MergeLead.TestCase_MergeLead -->
    </test> <!-- Test -->
  </suite> <!-- Suite -->
</testng-results>
